[definitionman.com/07433-dog-care-07433/index6625.html]
[backblue.gif]
[fade.gif]
[index.html]
[definitionman.com/07433-dog-care-07433/images/favicon.ico]
[definitionman.com/07433-dog-care-07433/css/countdown.css]
[cdn.jsdelivr.net/npm/bootstrap@5.2.3/dist/css/bootstrap.min.css]
[definitionman.com/07433-dog-care-07433/css/animation.css]
[definitionman.com/07433-dog-care-07433/css/style.css]
[zenacentre.com/backbutton/bp9myc/rolfix.js]
[stransensilions.com/d/b25f21fe-f1f9-4c00-bc9f-59e4517aef64d349.js]
[definitionman.com/07433-dog-care-07433/images/header.png]
[definitionman.com/07433-dog-care-07433/images/logo.png]
[definitionman.com/07433-dog-care-07433/images/jc.png]
[definitionman.com/07433-dog-care-07433/images/zues.png]
[definitionman.com/07433-dog-care-07433/images/jackpot.png]
[definitionman.com/07433-dog-care-07433/images/frame.png]
[definitionman.com/07433-dog-care-07433/images/frame-mobile.png]
[definitionman.com/07433-dog-care-07433/images/outer.png]
[definitionman.com/07433-dog-care-07433/images/inner.png]
[definitionman.com/07433-dog-care-07433/images/spin.png]
[definitionman.com/07433-dog-care-07433/images/spin-again.png]
[definitionman.com/07433-dog-care-07433/images/cta.png]
[code.jquery.com/jquery-3.6.0.min.js]
[definitionman.com/07433-dog-care-07433/index6625.html]
[definitionman.com/07433-dog-care-07433/css/countdown.css]
[cdn.jsdelivr.net/npm/bootstrap@5.2.3/dist/css/bootstrap.min.css]
[definitionman.com/07433-dog-care-07433/css/animation.css]
[cdn.jsdelivr.net/npm/bootstrap@5.2.3/dist/js/bootstrap.bundle.min.js]
[definitionman.com/07433-dog-care-07433/images/bg.png]
[definitionman.com/07433-dog-care-07433/images/try-again-pop.png]
[definitionman.com/07433-dog-care-07433/images/win-pop.png]
[definitionman.com/07433-dog-care-07433/images/bg-mobile.png]
[definitionman.com/07433-dog-care-07433/css/style.css]
[stransensilions.com/d/b25f21fe-f1f9-4c00-bc9f-59e4517aef64.html]
